Determining if the pthread_create exist failed with the following output:
Change Dir: /home/mech-user/dyson_ws/src/handy/build/catkin_tools_prebuild/CMakeFiles/CMakeTmp

Run Build Command:"/usr/bin/make" "cmTC_964f2/fast"
/usr/bin/make -f CMakeFiles/cmTC_964f2.dir/build.make CMakeFiles/cmTC_964f2.dir/build
make[1]: ディレクトリ '/home/mech-user/dyson_ws/src/handy/build/catkin_tools_prebuild/CMakeFiles/CMakeTmp' に入ります
Building C object CMakeFiles/cmTC_964f2.dir/CheckSymbolExists.c.o
/usr/bin/cc     -o CMakeFiles/cmTC_964f2.dir/CheckSymbolExists.c.o   -c /home/mech-user/dyson_ws/src/handy/build/catkin_tools_prebuild/CMakeFiles/CMakeTmp/CheckSymbolExists.c
Linking C executable cmTC_964f2
/usr/bin/cmake -E cmake_link_script CMakeFiles/cmTC_964f2.dir/link.txt --verbose=1
/usr/bin/cc       CMakeFiles/cmTC_964f2.dir/CheckSymbolExists.c.o  -o cmTC_964f2 -rdynamic 
CMakeFiles/cmTC_964f2.dir/CheckSymbolExists.c.o: 関数 `main' 内:
CheckSymbolExists.c:(.text+0x16): `pthread_create' に対する定義されていない参照です
collect2: error: ld returned 1 exit status
CMakeFiles/cmTC_964f2.dir/build.make:97: ターゲット 'cmTC_964f2' のレシピで失敗しました
make[1]: *** [cmTC_964f2] エラー 1
make[1]: ディレクトリ '/home/mech-user/dyson_ws/src/handy/build/catkin_tools_prebuild/CMakeFiles/CMakeTmp' から出ます
Makefile:126: ターゲット 'cmTC_964f2/fast' のレシピで失敗しました
make: *** [cmTC_964f2/fast] エラー 2

File /home/mech-user/dyson_ws/src/handy/build/catkin_tools_prebuild/CMakeFiles/CMakeTmp/CheckSymbolExists.c:
/* */
#include <pthread.h>

int main(int argc, char** argv)
{
  (void)argv;
#ifndef pthread_create
  return ((int*)(&pthread_create))[argc];
#else
  (void)argc;
  return 0;
#endif
}

Determining if the function pthread_create exists in the pthreads failed with the following output:
Change Dir: /home/mech-user/dyson_ws/src/handy/build/catkin_tools_prebuild/CMakeFiles/CMakeTmp

Run Build Command:"/usr/bin/make" "cmTC_120f5/fast"
/usr/bin/make -f CMakeFiles/cmTC_120f5.dir/build.make CMakeFiles/cmTC_120f5.dir/build
make[1]: ディレクトリ '/home/mech-user/dyson_ws/src/handy/build/catkin_tools_prebuild/CMakeFiles/CMakeTmp' に入ります
Building C object CMakeFiles/cmTC_120f5.dir/CheckFunctionExists.c.o
/usr/bin/cc    -DCHECK_FUNCTION_EXISTS=pthread_create   -o CMakeFiles/cmTC_120f5.dir/CheckFunctionExists.c.o   -c /usr/share/cmake-3.5/Modules/CheckFunctionExists.c
Linking C executable cmTC_120f5
/usr/bin/cmake -E cmake_link_script CMakeFiles/cmTC_120f5.dir/link.txt --verbose=1
/usr/bin/cc   -DCHECK_FUNCTION_EXISTS=pthread_create    CMakeFiles/cmTC_120f5.dir/CheckFunctionExists.c.o  -o cmTC_120f5 -rdynamic -lpthreads 
/usr/bin/ld: -lpthreads が見つかりません
collect2: error: ld returned 1 exit status
CMakeFiles/cmTC_120f5.dir/build.make:97: ターゲット 'cmTC_120f5' のレシピで失敗しました
make[1]: *** [cmTC_120f5] エラー 1
make[1]: ディレクトリ '/home/mech-user/dyson_ws/src/handy/build/catkin_tools_prebuild/CMakeFiles/CMakeTmp' から出ます
Makefile:126: ターゲット 'cmTC_120f5/fast' のレシピで失敗しました
make: *** [cmTC_120f5/fast] エラー 2


